<?xml version="1.0" encoding="UTF-8"?>
<!-- Generated by org.testng.reporters.JUnitXMLReporter -->
<testsuite ignored="0" hostname="LAPTOP-KBPQKETQ" failures="2" tests="11" name="Free CRM App Test Cases" time="134.765" errors="0" timestamp="18 Nov 2019 16:01:45 GMT">
  <testcase classname="com.crm.qa.testcases.LoginPageTest" name="LoginPageTitleTest" time="0.021">
    <failure type="java.lang.AssertionError" message="expected [CRM] but found [Cogmento CRM]">
      <![CDATA[java.lang.AssertionError: expected [CRM] but found [Cogmento CRM]
	at com.crm.qa.testcases.LoginPageTest.LoginPageTitleTest(LoginPageTest.java:38)
... Removed 31 stack frames]]>
    </failure>
  </testcase> <!-- LoginPageTitleTest -->
  <testcase classname="com.crm.qa.testcases.LoginPageTest" name="LoginPageSignupLinkTest" time="3.025"/>
  <testcase classname="com.crm.qa.testcases.HomePageTest" name="verifyHomePageTitleTest" time="0.023">
    <failure type="junit.framework.ComparisonFailure" message="expected:&amp;lt;C[ogmento C]RM&amp;gt; but was:&amp;lt;C[]RM&amp;gt;">
      <![CDATA[junit.framework.ComparisonFailure: expected:<C[ogmento C]RM> but was:<C[]RM>
	at junit.framework.Assert.assertEquals(Assert.java:100)
	at junit.framework.Assert.assertEquals(Assert.java:107)
	at com.crm.qa.testcases.HomePageTest.verifyHomePageTitleTest(HomePageTest.java:45)
... Removed 25 stack frames]]>
    </failure>
  </testcase> <!-- verifyHomePageTitleTest -->
  <testcase classname="com.crm.qa.testcases.LoginPageTest" name="LoginPageForgetPasswordLinkTest" time="2.369"/>
  <testcase classname="com.crm.qa.testcases.HomePageTest" name="verifyUserNameTest" time="1.376"/>
  <testcase classname="com.crm.qa.testcases.LoginPageTest" name="LoginPageClassicCRMLoginLinkTest" time="10.221"/>
  <testcase classname="com.crm.qa.testcases.HomePageTest" name="verifyContactsPageLink" time="1.995"/>
  <testcase classname="com.crm.qa.testcases.LoginPageTest" name="loginTest" time="0.68"/>
  <testcase classname="com.crm.qa.testcases.ContactsPageTest" name="validataCreateNewContactfromExcel" time="1.861"/>
  <testcase classname="com.crm.qa.testcases.ContactsPageTest" name="validataCreateNewContactfromExcel" time="1.7"/>
  <testcase classname="com.crm.qa.testcases.ContactsPageTest" name="validataCreateNewContactfromExcel" time="1.824"/>
</testsuite> <!-- Free CRM App Test Cases -->
