<?xml version="1.0" encoding="UTF-8"?>
<!-- Generated by org.testng.reporters.JUnitXMLReporter -->
<testsuite ignored="0" hostname="LAPTOP-KBPQKETQ" failures="0" tests="3" name="Default test" time="57.255" errors="0" timestamp="21 Nov 2019 18:33:47 GMT">
  <testcase classname="com.crm.qa.testcases.ContactsPageTest" name="validataCreateNewContactfromExcel" time="1.788"/>
  <testcase classname="com.crm.qa.testcases.ContactsPageTest" name="validataCreateNewContactfromExcel" time="12.179"/>
  <testcase classname="com.crm.qa.testcases.ContactsPageTest" name="validataCreateNewContactfromExcel" time="1.909"/>
</testsuite> <!-- Default test -->
