<?xml version="1.0" encoding="UTF-8"?>
<testng-results ignored="0" total="1" passed="0" failed="1" skipped="0">
  <reporter-output>
  </reporter-output>
  <suite started-at="2019-12-26T15:58:30Z" name="Default suite" finished-at="2019-12-26T15:58:49Z" duration-ms="19432">
    <groups>
    </groups>
    <test started-at="2019-12-26T15:58:30Z" name="Default test" finished-at="2019-12-26T15:58:49Z" duration-ms="19432">
      <class name="com.crm.qa.testcases.CommonPageTest">
        <test-method is-config="true" signature="Setup()[pri:0, instance:com.crm.qa.testcases.CommonPageTest@6107227e]" started-at="2019-12-26T21:28:30Z" name="Setup" finished-at="2019-12-26T21:28:39Z" duration-ms="8829" status="PASS">
          <reporter-output>
          </reporter-output>
        </test-method> <!-- Setup -->
        <test-method signature="logoutTest()[pri:3, instance:com.crm.qa.testcases.CommonPageTest@6107227e]" started-at="2019-12-26T21:28:39Z" name="logoutTest" finished-at="2019-12-26T21:28:49Z" duration-ms="10005" status="FAIL">
          <exception class="java.lang.NullPointerException">
            <full-stacktrace>
              <![CDATA[java.lang.NullPointerException
	at com.crm.qa.pages.CommonPage.validateLogoutPannelDropdownSettingButton(CommonPage.java:91)
	at com.crm.qa.testcases.CommonPageTest.logoutTest(CommonPageTest.java:62)
	at java.base/jdk.internal.reflect.NativeMethodAccessorImpl.invoke0(Native Method)
	at java.base/jdk.internal.reflect.NativeMethodAccessorImpl.invoke(NativeMethodAccessorImpl.java:62)
	at java.base/jdk.internal.reflect.DelegatingMethodAccessorImpl.invoke(DelegatingMethodAccessorImpl.java:43)
	at java.base/java.lang.reflect.Method.invoke(Method.java:567)
	at org.testng.internal.MethodInvocationHelper.invokeMethod(MethodInvocationHelper.java:108)
	at org.testng.internal.Invoker.invokeMethod(Invoker.java:661)
	at org.testng.internal.Invoker.invokeTestMethod(Invoker.java:869)
	at org.testng.internal.Invoker.invokeTestMethods(Invoker.java:1193)
	at org.testng.internal.TestMethodWorker.invokeTestMethods(TestMethodWorker.java:126)
	at org.testng.internal.TestMethodWorker.run(TestMethodWorker.java:109)
	at org.testng.TestRunner.privateRun(TestRunner.java:744)
	at org.testng.TestRunner.run(TestRunner.java:602)
	at org.testng.SuiteRunner.runTest(SuiteRunner.java:380)
	at org.testng.SuiteRunner.runSequentially(SuiteRunner.java:375)
	at org.testng.SuiteRunner.privateRun(SuiteRunner.java:340)
	at org.testng.SuiteRunner.run(SuiteRunner.java:289)
	at org.testng.SuiteRunnerWorker.runSuite(SuiteRunnerWorker.java:52)
	at org.testng.SuiteRunnerWorker.run(SuiteRunnerWorker.java:86)
	at org.testng.TestNG.runSuitesSequentially(TestNG.java:1301)
	at org.testng.TestNG.runSuitesLocally(TestNG.java:1226)
	at org.testng.TestNG.runSuites(TestNG.java:1144)
	at org.testng.TestNG.run(TestNG.java:1115)
	at org.testng.remote.AbstractRemoteTestNG.run(AbstractRemoteTestNG.java:115)
	at org.testng.remote.RemoteTestNG.initAndRun(RemoteTestNG.java:251)
	at org.testng.remote.RemoteTestNG.main(RemoteTestNG.java:77)
]]>
            </full-stacktrace>
          </exception> <!-- java.lang.NullPointerException -->
          <reporter-output>
          </reporter-output>
        </test-method> <!-- logoutTest -->
        <test-method is-config="true" signature="teardown()[pri:0, instance:com.crm.qa.testcases.CommonPageTest@6107227e]" started-at="2019-12-26T21:28:49Z" name="teardown" finished-at="2019-12-26T21:28:49Z" duration-ms="575" status="PASS">
          <reporter-output>
          </reporter-output>
        </test-method> <!-- teardown -->
      </class> <!-- com.crm.qa.testcases.CommonPageTest -->
    </test> <!-- Default test -->
  </suite> <!-- Default suite -->
</testng-results>
